SF:lib/core/di/injection_getit.dart
DA:9,9
DA:11,1
DA:13,2
DA:16,2
DA:17,0
DA:22,2
DA:25,2
DA:26,0
DA:30,2
DA:31,0
LF:10
LH:7
end_of_record
SF:lib/core/error/failure.dart
DA:4,0
DA:5,0
DA:13,0
LF:3
LH:0
end_of_record
SF:lib/features/data/model/topalbums_model.dart
DA:4,0
DA:7,0
DA:10,0
DA:11,0
DA:16,0
DA:19,0
DA:20,0
DA:23,0
DA:25,0
DA:26,0
DA:27,0
DA:28,0
DA:38,0
DA:42,0
DA:43,0
DA:46,2
DA:47,2
DA:48,2
DA:49,3
DA:50,3
DA:53,6
DA:59,0
DA:63,0
DA:64,0
DA:65,0
DA:68,4
DA:70,0
DA:72,0
DA:73,0
DA:74,0
DA:75,0
DA:77,0
DA:78,0
DA:91,0
DA:98,0
DA:99,0
DA:100,0
DA:101,0
DA:102,0
DA:105,1
DA:106,2
DA:107,2
DA:108,2
DA:109,2
DA:110,2
DA:119,0
DA:126,0
DA:127,0
DA:128,0
DA:129,0
DA:130,0
DA:131,0
DA:134,0
DA:136,0
DA:138,0
DA:140,0
DA:142,0
DA:144,0
DA:145,0
DA:146,0
DA:147,0
DA:148,0
DA:149,0
DA:150,0
DA:163,0
DA:171,0
DA:172,0
DA:173,0
DA:174,0
DA:175,0
DA:176,0
DA:179,2
DA:180,4
DA:181,4
DA:182,4
DA:183,4
DA:184,8
DA:185,2
DA:186,4
DA:187,6
DA:188,6
DA:200,0
DA:208,0
DA:209,0
DA:210,0
DA:211,0
DA:212,0
DA:213,0
DA:214,0
DA:217,4
DA:219,4
DA:221,0
DA:223,0
DA:225,0
DA:227,4
DA:229,0
DA:230,0
DA:231,0
DA:232,0
DA:233,0
DA:234,0
DA:235,0
DA:236,0
DA:238,0
DA:239,0
DA:249,0
DA:253,0
DA:254,0
DA:257,2
DA:258,4
DA:259,4
DA:265,0
DA:269,0
DA:270,0
DA:271,0
DA:274,4
DA:276,0
DA:278,0
DA:279,0
DA:280,0
DA:281,0
DA:291,0
DA:296,0
DA:297,0
DA:298,0
DA:301,2
DA:302,4
DA:303,4
DA:304,4
DA:311,0
DA:316,0
DA:317,0
DA:318,0
DA:319,0
DA:322,0
DA:324,0
DA:326,0
DA:328,0
DA:329,0
DA:330,0
DA:331,0
DA:332,0
LF:142
LH:34
end_of_record
SF:lib/features/presentation/bloc/get_top_albums_bloc/top_albums_state.dart
DA:4,2
DA:6,0
DA:7,0
DA:18,2
DA:19,0
DA:20,0
LF:6
LH:2
end_of_record
SF:lib/features/presentation/bloc/get_top_albums_bloc/top_albums_bloc.dart
DA:13,0
DA:15,0
DA:16,0
DA:17,0
DA:18,0
DA:19,0
DA:20,0
DA:21,0
DA:22,0
LF:9
LH:0
end_of_record
SF:lib/features/presentation/bloc/get_top_albums_bloc/top_albums_event.dart
DA:4,0
DA:6,0
DA:7,0
DA:12,0
DA:13,0
DA:14,0
LF:6
LH:0
end_of_record
SF:lib/features/presentation/pages/home/home_main_page.dart
DA:8,5
DA:10,2
DA:12,2
DA:13,6
LF:4
LH:4
end_of_record
SF:lib/features/domain/usecases/top_albums_usecase.dart
DA:10,0
DA:12,0
DA:14,0
LF:3
LH:0
end_of_record
SF:lib/main.dart
DA:9,0
DA:10,0
DA:11,0
DA:13,0
DA:15,0
DA:19,8
DA:22,1
DA:24,1
DA:26,1
DA:28,1
DA:29,1
LF:11
LH:6
end_of_record
SF:lib/features/data/datasource/remote/top_albums_remote_data_source.dart
DA:14,0
DA:18,0
DA:21,0
DA:22,0
DA:24,0
LF:5
LH:0
end_of_record
SF:lib/features/data/datasource/remote/network/api_services.dart
DA:6,0
DA:7,0
LF:2
LH:0
end_of_record
SF:lib/features/data/repositories/top_albums_repository_impl.dart
DA:10,0
DA:14,0
DA:17,0
DA:18,0
DA:20,0
LF:5
LH:0
end_of_record
SF:lib/core/usecases/usecase.dart
DA:10,0
DA:11,0
LF:2
LH:0
end_of_record
SF:lib/features/presentation/pages/home/subpages/home_subpage.dart
DA:11,5
DA:13,3
DA:14,3
DA:21,3
DA:23,6
DA:24,0
DA:25,0
DA:26,0
DA:28,3
DA:31,3
DA:33,2
DA:34,3
DA:36,3
DA:38,3
DA:41,9
DA:43,2
DA:44,3
DA:45,2
DA:46,2
DA:47,11
DA:48,1
DA:49,1
DA:51,2
DA:57,2
DA:59,3
DA:60,2
DA:61,1
DA:63,2
DA:65,2
DA:71,0
DA:73,0
DA:77,0
DA:81,1
DA:82,1
DA:83,1
DA:84,1
DA:85,1
DA:86,1
DA:87,1
DA:88,1
DA:89,1
DA:90,1
DA:92,1
DA:93,2
DA:104,2
DA:106,4
DA:107,2
LF:47
LH:41
end_of_record
SF:lib/features/presentation/pages/home/widgets/top_albums_list_item_widget.dart
DA:10,2
DA:12,2
DA:14,2
DA:17,2
DA:18,2
DA:19,2
DA:20,2
DA:21,6
DA:22,2
DA:23,0
DA:25,2
DA:26,4
DA:27,2
DA:28,4
DA:30,4
DA:37,2
DA:39,2
DA:40,2
DA:41,6
DA:43,2
DA:44,2
DA:47,2
DA:49,2
DA:57,2
DA:58,2
DA:59,2
DA:60,10
DA:62,0
DA:68,2
DA:70,2
DA:71,4
DA:72,4
DA:74,0
LF:33
LH:30
end_of_record
SF:lib/features/presentation/theme/theme.dart
DA:5,3
DA:8,1
DA:10,1
DA:11,1
DA:13,2
DA:14,3
DA:16,3
DA:19,1
DA:20,1
DA:21,1
DA:22,1
DA:24,2
DA:25,3
LF:13
LH:13
end_of_record
